{"ts":"2025-10-18T01:43:32.051Z","level":"INFO","action":"send","to":["adrianvallejosflores24@gmail.com"],"accepted":["adrianvallejosflores24@gmail.com"],"rejected":[],"messageId":"<e8ca1afd-76e3-b17c-7cdb-e6bc93631ae8@gmail.com>"}
{"ts":"2025-10-18T01:43:32.056Z","level":"INFO","action":"email-sent","transactionId":"8a98e8c6-9590-478c-927a-5ce5c7faa3e3","to":["adrianvallejosflores24@gmail.com"],"subject":"Prueba exitosa","result":{"success":true,"messageId":"<e8ca1afd-76e3-b17c-7cdb-e6bc93631ae8@gmail.com>","accepted":["adrianvallejosflores24@gmail.com"],"rejected":[]}}
{"ts":"2025-10-18T01:44:09.987Z","level":"INFO","action":"send","to":["adrianvallejosfloxddddd@gmail.com"],"accepted":["adrianvallejosfloxddddd@gmail.com"],"rejected":[],"messageId":"<290383cb-b57b-097c-23a3-2fbcc1852c53@gmail.com>"}
{"ts":"2025-10-18T01:44:09.992Z","level":"INFO","action":"email-sent","transactionId":"80b4e56c-a637-4d26-9805-aeda3d14cc6a","to":["adrianvallejosfloxddddd@gmail.com"],"subject":"Prueba exitosa","result":{"success":true,"messageId":"<290383cb-b57b-097c-23a3-2fbcc1852c53@gmail.com>","accepted":["adrianvallejosfloxddddd@gmail.com"],"rejected":[]}}
{"ts":"2025-10-18T01:47:44.428Z","level":"INFO","action":"send","to":["adrianvallejosfloxddddd@gmail.com"],"accepted":["adrianvallejosfloxddddd@gmail.com"],"rejected":[],"messageId":"<9b67ef84-2bec-2ebf-de55-6dc00135f1f1@gmail.com>"}
{"ts":"2025-10-18T02:59:36.659Z","level":"INFO","action":"send","to":["floresarispeeva@gmail.com"],"accepted":["floresarispeeva@gmail.com"],"rejected":[],"messageId":"<969e0730-1af6-4eb6-d321-a6dec00dc6bd@gmail.com>"}
{"ts":"2025-10-18T04:00:13.671Z","level":"INFO","action":"send","to":["adrianvallejosflores24@gmail.com"],"accepted":["adrianvallejosflores24@gmail.com"],"rejected":[],"messageId":"<383fe6f1-8832-1bc5-af67-6cc12ac5cb45@gmail.com>"}
{"ts":"2025-10-18T04:00:13.715Z","level":"INFO","action":"email-sent","transactionId":"5d33328d-bede-43af-aefd-ba61cc29f38e","to":["adrianvallejosflores24@gmail.com"],"subject":"Prueba desde Postman con el servicio central","attempt":1,"providerResponse":{"success":true,"messageId":"<383fe6f1-8832-1bc5-af67-6cc12ac5cb45@gmail.com>","accepted":["adrianvallejosflores24@gmail.com"],"rejected":[]}}
{"ts":"2025-10-18T04:00:57.083Z","level":"INFO","action":"send","to":["adrianvallejosfloxdddd@gmail.com"],"accepted":["adrianvallejosfloxdddd@gmail.com"],"rejected":[],"messageId":"<dd4d388d-6044-5d19-60b0-1af6c354c754@gmail.com>"}
{"ts":"2025-10-18T04:00:57.092Z","level":"INFO","action":"email-sent","transactionId":"fdb0cc7a-5c38-4046-a5a7-a2926a711d7c","to":["adrianvallejosfloxdddd@gmail.com"],"subject":"Prueba desde Postman con el servicio central","attempt":1,"providerResponse":{"success":true,"messageId":"<dd4d388d-6044-5d19-60b0-1af6c354c754@gmail.com>","accepted":["adrianvallejosfloxdddd@gmail.com"],"rejected":[]}}
{"ts":"2025-10-18T17:42:57.270Z","level":"INFO","action":"send","to":["adrianvallejosflores24@gmail.com"],"accepted":["adrianvallejosflores24@gmail.com"],"rejected":[],"messageId":"<69533ee4-b3e7-3894-9668-5838ac0e155e@gmail.com>"}
{"ts":"2025-10-18T17:42:57.358Z","level":"INFO","action":"email-sent","transactionId":"6b16542f-2f5f-4f99-af51-a36357793643","to":["adrianvallejosflores24@gmail.com"],"subject":"Prueba desde Postman con el servicio central","attempt":1,"providerResponse":{"success":true,"messageId":"<69533ee4-b3e7-3894-9668-5838ac0e155e@gmail.com>","accepted":["adrianvallejosflores24@gmail.com"],"rejected":[]}}
{"ts":"2025-10-19T03:28:23.596Z","level":"INFO","action":"send","to":["almanzaa9928@gmail.com"],"accepted":["almanzaa9928@gmail.com"],"rejected":[],"messageId":"<0edca353-13b4-e9bc-a2ba-a37af9679556@gmail.com>"}
{"ts":"2025-10-19T03:28:23.635Z","level":"INFO","action":"email-sent","transactionId":"896403e2-800f-49f1-9206-47085455514a","to":["almanzaa9928@gmail.com"],"subject":"Prueba desde Postman con el servicio central","attempt":1,"providerResponse":{"success":true,"messageId":"<0edca353-13b4-e9bc-a2ba-a37af9679556@gmail.com>","accepted":["almanzaa9928@gmail.com"],"rejected":[]}}
{"ts":"2025-10-19T03:29:13.517Z","level":"INFO","action":"send","to":["almanzaa9928@gmail.com"],"accepted":["almanzaa9928@gmail.com"],"rejected":[],"messageId":"<28d3c6a9-c0d8-d96b-87cf-cf19143fb1d9@gmail.com>"}
{"ts":"2025-10-19T03:29:13.524Z","level":"INFO","action":"email-sent","transactionId":"351b8c89-701e-4b90-b6cf-f5bc3a069272","to":["almanzaa9928@gmail.com"],"subject":"Prueba desde Postman con el servicio central","attempt":1,"providerResponse":{"success":true,"messageId":"<28d3c6a9-c0d8-d96b-87cf-cf19143fb1d9@gmail.com>","accepted":["almanzaa9928@gmail.com"],"rejected":[]}}
{"ts":"2025-10-19T03:29:14.214Z","level":"INFO","action":"send","to":["almanzaa9928@gmail.com"],"accepted":["almanzaa9928@gmail.com"],"rejected":[],"messageId":"<ee435609-cdfd-f330-652f-2f0953405f62@gmail.com>"}
{"ts":"2025-10-19T03:29:14.220Z","level":"INFO","action":"email-sent","transactionId":"a0f5f1ee-fb59-4b6b-9d6d-99fbcfbf5fe9","to":["almanzaa9928@gmail.com"],"subject":"Prueba desde Postman con el servicio central","attempt":1,"providerResponse":{"success":true,"messageId":"<ee435609-cdfd-f330-652f-2f0953405f62@gmail.com>","accepted":["almanzaa9928@gmail.com"],"rejected":[]}}
{"ts":"2025-10-19T03:29:15.444Z","level":"INFO","action":"send","to":["almanzaa9928@gmail.com"],"accepted":["almanzaa9928@gmail.com"],"rejected":[],"messageId":"<0c03d602-0e5f-dac9-f783-46c7d8ded8ed@gmail.com>"}
{"ts":"2025-10-19T03:29:15.453Z","level":"INFO","action":"email-sent","transactionId":"aef4b0b0-44f3-45bd-8486-dd1368d1c4b9","to":["almanzaa9928@gmail.com"],"subject":"Prueba desde Postman con el servicio central","attempt":1,"providerResponse":{"success":true,"messageId":"<0c03d602-0e5f-dac9-f783-46c7d8ded8ed@gmail.com>","accepted":["almanzaa9928@gmail.com"],"rejected":[]}}
{"ts":"2025-10-19T05:33:24.791Z","level":"INFO","action":"send","to":["adrianvallejosflores24@gmail.com"],"accepted":["adrianvallejosflores24@gmail.com"],"rejected":[],"messageId":"<db3146c7-6640-bf70-795c-6619e8dda0f2@gmail.com>"}
{"ts":"2025-10-19T05:33:25.687Z","level":"INFO","action":"n8n-trigger","transactionId":"b98d4cfc-2417-4b51-83a3-cfee0f3d560c","status":404,"response":{"message":"Cannot POST /webhook/TU-WORKSPACE-ID/notify-email","error":"Not Found","statusCode":404}}
{"ts":"2025-10-19T05:33:25.688Z","level":"INFO","action":"email-sent","transactionId":"b98d4cfc-2417-4b51-83a3-cfee0f3d560c","to":["adrianvallejosflores24@gmail.com"],"subject":"Prueba desde Postman con el servicio central","attempt":1,"providerResponse":{"success":true,"messageId":"<db3146c7-6640-bf70-795c-6619e8dda0f2@gmail.com>","accepted":["adrianvallejosflores24@gmail.com"],"rejected":[]}}
{"ts":"2025-10-19T05:36:52.993Z","level":"INFO","action":"send","to":["adrianvallejosflores24@gmail.com"],"accepted":["adrianvallejosflores24@gmail.com"],"rejected":[],"messageId":"<7cb333f7-fc96-a445-4edb-cecba11bfb5d@gmail.com>"}
{"ts":"2025-10-19T05:36:53.794Z","level":"INFO","action":"n8n-trigger","transactionId":"13fd4315-25ae-4edb-9c76-4446c0e8169a","status":404,"response":{"message":"Cannot POST /webhook/TU-WORKSPACE-ID/notify-email","error":"Not Found","statusCode":404}}
{"ts":"2025-10-19T05:36:53.796Z","level":"INFO","action":"email-sent","transactionId":"13fd4315-25ae-4edb-9c76-4446c0e8169a","to":["adrianvallejosflores24@gmail.com"],"subject":"Prueba desde Postman con el servicio central","attempt":1,"providerResponse":{"success":true,"messageId":"<7cb333f7-fc96-a445-4edb-cecba11bfb5d@gmail.com>","accepted":["adrianvallejosflores24@gmail.com"],"rejected":[]}}
{"ts":"2025-10-19T05:41:07.818Z","level":"INFO","action":"send","to":["adrianvallejosflores24@gmail.com"],"accepted":["adrianvallejosflores24@gmail.com"],"rejected":[],"messageId":"<0bf0b36e-fc56-d2eb-8e15-19b9e07400bb@gmail.com>"}
{"ts":"2025-10-19T05:41:08.624Z","level":"INFO","action":"n8n-trigger","transactionId":"eb812d68-7c34-4d51-aabe-a7fbaf4a75ed","status":404,"response":{"message":"Cannot POST /webhook/TU-WORKSPACE-ID/notify-email","error":"Not Found","statusCode":404}}
{"ts":"2025-10-19T05:41:08.624Z","level":"INFO","action":"email-sent","transactionId":"eb812d68-7c34-4d51-aabe-a7fbaf4a75ed","to":["adrianvallejosflores24@gmail.com"],"subject":"Prueba desde Postman con el servicio central","attempt":1,"providerResponse":{"success":true,"messageId":"<0bf0b36e-fc56-d2eb-8e15-19b9e07400bb@gmail.com>","accepted":["adrianvallejosflores24@gmail.com"],"rejected":[]}}
{"ts":"2025-10-19T05:47:16.878Z","level":"INFO","action":"send","to":["adrianvallejosflores24@gmail.com"],"accepted":["adrianvallejosflores24@gmail.com"],"rejected":[],"messageId":"<4c764aa0-94cf-7a28-7391-713b284e7e21@gmail.com>"}
{"ts":"2025-10-19T05:47:17.698Z","level":"INFO","action":"n8n-trigger","transactionId":"c2e80d9b-24cf-4b1c-b72a-3cbc9315af1a","status":404,"response":{"message":"Cannot POST /webhook/TU-WORKSPACE-ID/notify-email","error":"Not Found","statusCode":404}}
{"ts":"2025-10-19T05:47:17.700Z","level":"INFO","action":"email-sent","transactionId":"c2e80d9b-24cf-4b1c-b72a-3cbc9315af1a","to":["adrianvallejosflores24@gmail.com"],"subject":"Prueba desde Postman con el servicio central","attempt":1,"providerResponse":{"success":true,"messageId":"<4c764aa0-94cf-7a28-7391-713b284e7e21@gmail.com>","accepted":["adrianvallejosflores24@gmail.com"],"rejected":[]}}
{"ts":"2025-10-19T05:49:25.397Z","level":"INFO","action":"send","to":["adrianvallejosflores24@gmail.com"],"accepted":["adrianvallejosflores24@gmail.com"],"rejected":[],"messageId":"<11f4242f-9106-368c-061c-6a842e8f5b65@gmail.com>"}
{"ts":"2025-10-19T05:49:26.197Z","level":"INFO","action":"n8n-trigger","transactionId":"de3bd516-b77b-48ac-aa09-251a997caa07","status":404,"response":{"message":"Cannot POST /webhook/TU-WORKSPACE-ID/notify-email","error":"Not Found","statusCode":404}}
{"ts":"2025-10-19T05:49:26.199Z","level":"INFO","action":"email-sent","transactionId":"de3bd516-b77b-48ac-aa09-251a997caa07","to":["adrianvallejosflores24@gmail.com"],"subject":"Prueba desde Postman con el servicio central","attempt":1,"providerResponse":{"success":true,"messageId":"<11f4242f-9106-368c-061c-6a842e8f5b65@gmail.com>","accepted":["adrianvallejosflores24@gmail.com"],"rejected":[]}}
{"ts":"2025-10-19T05:50:46.534Z","level":"INFO","action":"send","to":["adrianvallejosflores24@gmail.com"],"accepted":["adrianvallejosflores24@gmail.com"],"rejected":[],"messageId":"<9bf0e977-15ca-2ba8-b2c7-de368db2eec5@gmail.com>"}
{"ts":"2025-10-19T05:50:47.430Z","level":"INFO","action":"n8n-trigger","transactionId":"3d197e40-6f1a-48b4-b3a6-2c60d5b40311","status":404,"response":{"message":"Cannot POST /webhook/TU-WORKSPACE-ID/notify-email","error":"Not Found","statusCode":404}}
{"ts":"2025-10-19T05:50:47.432Z","level":"INFO","action":"email-sent","transactionId":"3d197e40-6f1a-48b4-b3a6-2c60d5b40311","to":["adrianvallejosflores24@gmail.com"],"subject":"Prueba desde Postman con el servicio central","attempt":1,"providerResponse":{"success":true,"messageId":"<9bf0e977-15ca-2ba8-b2c7-de368db2eec5@gmail.com>","accepted":["adrianvallejosflores24@gmail.com"],"rejected":[]}}
{"ts":"2025-10-19T05:51:46.077Z","level":"INFO","action":"send","to":["adrianvallejosflores24@gmail.com"],"accepted":["adrianvallejosflores24@gmail.com"],"rejected":[],"messageId":"<46c90391-ae90-4c8e-f6fb-735c9f2b8ca0@gmail.com>"}
{"ts":"2025-10-19T05:51:46.879Z","level":"INFO","action":"n8n-trigger","transactionId":"77fb11f4-1bfd-4695-9b7a-334cecd530b5","status":404,"response":{"message":"Cannot POST /webhook/TU-WORKSPACE-ID/notify-email","error":"Not Found","statusCode":404}}
{"ts":"2025-10-19T05:51:46.881Z","level":"INFO","action":"email-sent","transactionId":"77fb11f4-1bfd-4695-9b7a-334cecd530b5","to":["adrianvallejosflores24@gmail.com"],"subject":"Prueba desde Postman con el servicio central","attempt":1,"providerResponse":{"success":true,"messageId":"<46c90391-ae90-4c8e-f6fb-735c9f2b8ca0@gmail.com>","accepted":["adrianvallejosflores24@gmail.com"],"rejected":[]}}
{"ts":"2025-10-19T05:56:42.893Z","level":"INFO","action":"send","to":["adrianvallejosflores24@gmail.com"],"accepted":["adrianvallejosflores24@gmail.com"],"rejected":[],"messageId":"<20aac71c-6596-87ab-fbfb-08f2090299fa@gmail.com>"}
{"ts":"2025-10-19T05:56:43.626Z","level":"INFO","action":"n8n-trigger","transactionId":"7f00142c-238b-4994-8dd0-a35e6951f2f6","connectedToN8n":true,"status":200,"response":{"message":"Workflow was started"}}
{"ts":"2025-10-19T05:56:43.627Z","level":"INFO","action":"email-sent","transactionId":"7f00142c-238b-4994-8dd0-a35e6951f2f6","to":["adrianvallejosflores24@gmail.com"],"subject":"Prueba desde Postman con el servicio central","attempt":1,"providerResponse":{"success":true,"messageId":"<20aac71c-6596-87ab-fbfb-08f2090299fa@gmail.com>","accepted":["adrianvallejosflores24@gmail.com"],"rejected":[]}}
{"ts":"2025-10-19T05:59:23.081Z","level":"INFO","action":"send","to":["adrivall1234@gmail.com"],"accepted":["adrivall1234@gmail.com"],"rejected":[],"messageId":"<de963a32-112f-a852-f707-a64f8dc8deda@gmail.com>"}
{"ts":"2025-10-19T05:59:23.574Z","level":"INFO","action":"n8n-trigger","transactionId":"dd2c63ed-7032-43a2-bd91-dfb1e47f8b34","connectedToN8n":true,"status":200,"response":{"message":"Workflow was started"}}
{"ts":"2025-10-19T05:59:23.575Z","level":"INFO","action":"email-sent","transactionId":"dd2c63ed-7032-43a2-bd91-dfb1e47f8b34","to":["adrivall1234@gmail.com"],"subject":"Prueba desde Postman con el servicio central","attempt":1,"providerResponse":{"success":true,"messageId":"<de963a32-112f-a852-f707-a64f8dc8deda@gmail.com>","accepted":["adrivall1234@gmail.com"],"rejected":[]}}
